TN:
SF:src/index.js
FN:16,(anonymous_0)
FN:24,(anonymous_1)
FN:60,(anonymous_2)
FN:82,(anonymous_3)
FN:90,(anonymous_4)
FN:138,(anonymous_5)
FN:181,(anonymous_6)
FN:212,(anonymous_7)
FN:222,(anonymous_8)
FN:223,(anonymous_9)
FN:225,(anonymous_10)
FN:246,(anonymous_11)
FN:269,(anonymous_12)
FNF:13
FNH:5
FNDA:1,(anonymous_0)
FNDA:1,(anonymous_1)
FNDA:1,(anonymous_2)
FNDA:2,(anonymous_3)
FNDA:0,(anonymous_4)
FNDA:33,(anonymous_5)
FNDA:0,(anonymous_6)
FNDA:0,(anonymous_7)
FNDA:0,(anonymous_8)
FNDA:0,(anonymous_9)
FNDA:0,(anonymous_10)
FNDA:0,(anonymous_11)
FNDA:0,(anonymous_12)
DA:1,2
DA:2,2
DA:3,2
DA:4,2
DA:5,2
DA:7,2
DA:8,2
DA:9,2
DA:10,2
DA:17,1
DA:18,1
DA:25,1
DA:31,1
DA:44,1
DA:50,1
DA:61,1
DA:63,1
DA:65,1
DA:66,1
DA:69,1
DA:70,0
DA:73,1
DA:76,1
DA:77,1
DA:79,1
DA:80,1
DA:81,1
DA:82,2
DA:85,1
DA:88,1
DA:90,0
DA:94,1
DA:95,1
DA:97,1
DA:98,1
DA:99,1
DA:100,1
DA:103,1
DA:104,1
DA:105,1
DA:107,1
DA:110,1
DA:116,1
DA:118,1
DA:119,1
DA:120,1
DA:121,1
DA:122,1
DA:124,1
DA:127,1
DA:130,1
DA:136,1
DA:137,1
DA:138,1
DA:139,33
DA:142,1
DA:145,1
DA:150,1
DA:158,1
DA:160,1
DA:162,1
DA:163,1
DA:164,1
DA:165,1
DA:166,1
DA:168,1
DA:169,1
DA:172,0
DA:173,0
DA:174,0
DA:182,0
DA:184,0
DA:186,0
DA:188,0
DA:189,0
DA:193,0
DA:194,0
DA:197,0
DA:198,0
DA:201,0
DA:202,0
DA:204,0
DA:206,0
DA:207,0
DA:208,0
DA:210,0
DA:211,0
DA:212,0
DA:213,0
DA:214,0
DA:215,0
DA:220,0
DA:221,0
DA:222,0
DA:223,0
DA:225,0
DA:226,0
DA:228,0
DA:229,0
DA:230,0
DA:231,0
DA:232,0
DA:234,0
DA:237,0
DA:238,0
DA:239,0
DA:247,0
DA:249,0
DA:250,0
DA:252,0
DA:253,0
DA:254,0
DA:256,0
DA:260,0
DA:261,0
DA:262,0
DA:270,0
DA:275,2
DA:278,2
DA:279,0
DA:280,0
LF:121
LH:67
BRDA:65,0,0,1
BRDA:65,0,1,0
BRDA:69,1,0,0
BRDA:69,1,1,1
BRDA:81,2,0,1
BRDA:81,2,1,0
BRDA:90,3,0,0
BRDA:90,3,1,1
BRDA:139,4,0,33
BRDA:139,4,1,0
BRDA:186,5,0,0
BRDA:186,5,1,0
BRDA:188,6,0,0
BRDA:188,6,1,0
BRDA:210,7,0,0
BRDA:210,7,1,0
BRDA:214,8,0,0
BRDA:214,8,1,0
BRDA:252,9,0,0
BRDA:252,9,1,0
BRDA:278,10,0,0
BRDA:278,10,1,2
BRF:22
BRH:6
end_of_record
TN:
SF:src/detectors/project-detector.js
FN:8,(anonymous_0)
FN:16,(anonymous_1)
FN:30,(anonymous_2)
FN:31,(anonymous_3)
FN:46,(anonymous_4)
FN:67,(anonymous_5)
FN:82,(anonymous_6)
FN:131,(anonymous_7)
FN:162,(anonymous_8)
FN:193,(anonymous_9)
FN:211,(anonymous_10)
FN:241,(anonymous_11)
FN:275,(anonymous_12)
FN:307,(anonymous_13)
FN:310,(anonymous_14)
FN:319,(anonymous_15)
FNF:16
FNH:15
FNDA:1,(anonymous_0)
FNDA:1,(anonymous_1)
FNDA:8,(anonymous_2)
FNDA:2,(anonymous_3)
FNDA:1,(anonymous_4)
FNDA:0,(anonymous_5)
FNDA:1,(anonymous_6)
FNDA:1,(anonymous_7)
FNDA:1,(anonymous_8)
FNDA:1,(anonymous_9)
FNDA:1,(anonymous_10)
FNDA:1,(anonymous_11)
FNDA:1,(anonymous_12)
FNDA:4,(anonymous_13)
FNDA:108,(anonymous_14)
FNDA:1,(anonymous_15)
DA:1,3
DA:2,3
DA:9,1
DA:17,1
DA:29,1
DA:30,8
DA:32,2
DA:33,2
DA:36,1
DA:47,1
DA:48,1
DA:49,1
DA:51,1
DA:52,0
DA:53,0
DA:55,0
DA:56,0
DA:57,0
DA:59,0
DA:60,0
DA:67,0
DA:76,1
DA:83,1
DA:84,1
DA:85,1
DA:86,1
DA:89,1
DA:90,0
DA:91,0
DA:92,0
DA:105,1
DA:106,1
DA:107,1
DA:108,1
DA:109,1
DA:125,0
DA:132,1
DA:133,1
DA:134,1
DA:135,0
DA:136,0
DA:138,0
DA:139,0
DA:156,1
DA:163,1
DA:164,1
DA:165,1
DA:166,0
DA:167,0
DA:169,0
DA:170,0
DA:187,1
DA:194,1
DA:195,1
DA:196,1
DA:204,0
DA:212,1
DA:213,1
DA:214,1
DA:215,1
DA:217,1
DA:218,1
DA:220,1
DA:221,1
DA:235,0
DA:242,1
DA:243,1
DA:244,1
DA:245,1
DA:246,1
DA:248,1
DA:249,1
DA:250,1
DA:251,1
DA:253,1
DA:254,0
DA:269,1
DA:276,1
DA:277,1
DA:278,1
DA:279,1
DA:280,1
DA:282,1
DA:283,1
DA:285,1
DA:286,0
DA:301,1
DA:308,4
DA:309,4
DA:310,108
DA:312,0
DA:320,1
DA:322,1
DA:323,2
DA:324,1
DA:329,0
DA:333,3
LF:97
LH:71
BRDA:51,0,0,0
BRDA:51,0,1,1
BRDA:59,1,0,0
BRDA:59,1,1,0
BRDA:59,2,0,0
BRDA:59,2,1,0
BRDA:59,2,2,0
BRDA:62,3,0,0
BRDA:62,3,1,0
BRDA:62,4,0,0
BRDA:62,4,1,0
BRDA:63,5,0,0
BRDA:63,5,1,0
BRDA:65,6,0,0
BRDA:65,6,1,0
BRDA:89,7,0,0
BRDA:89,7,1,1
BRDA:91,8,0,0
BRDA:91,8,1,0
BRDA:91,9,0,0
BRDA:91,9,1,0
BRDA:106,10,0,1
BRDA:106,10,1,0
BRDA:108,11,0,1
BRDA:108,11,1,0
BRDA:108,12,0,1
BRDA:108,12,1,0
BRDA:112,13,0,0
BRDA:112,13,1,1
BRDA:134,14,0,0
BRDA:134,14,1,1
BRDA:138,15,0,0
BRDA:138,15,1,0
BRDA:165,16,0,0
BRDA:165,16,1,1
BRDA:169,17,0,0
BRDA:169,17,1,0
BRDA:218,18,0,1
BRDA:218,18,1,0
BRDA:220,19,0,1
BRDA:220,19,1,0
BRDA:220,20,0,1
BRDA:220,20,1,1
BRDA:224,21,0,0
BRDA:224,21,1,1
BRDA:253,22,0,0
BRDA:253,22,1,1
BRDA:253,23,0,1
BRDA:253,23,1,1
BRDA:253,23,2,1
BRDA:253,23,3,1
BRDA:282,24,0,1
BRDA:282,24,1,1
BRDA:282,24,2,1
BRDA:285,25,0,0
BRDA:285,25,1,1
BRDA:285,26,0,1
BRDA:285,26,1,1
BRDA:323,27,0,1
BRDA:323,27,1,1
BRDA:323,28,0,2
BRDA:323,28,1,1
BRDA:329,29,0,0
BRDA:329,29,1,0
BRF:64
BRH:28
end_of_record
TN:
SF:src/exporter/html-exporter.js
FN:9,(anonymous_0)
FN:24,(anonymous_1)
FN:54,(anonymous_2)
FN:55,(anonymous_3)
FN:80,(anonymous_4)
FN:102,(anonymous_5)
FN:170,(anonymous_6)
FN:171,(anonymous_7)
FN:173,(anonymous_8)
FN:233,(anonymous_9)
FN:248,(anonymous_10)
FN:557,(anonymous_11)
FN:658,(anonymous_12)
FN:808,(anonymous_13)
FN:822,(anonymous_14)
FN:830,(anonymous_15)
FN:836,(anonymous_16)
FN:864,(anonymous_17)
FN:874,(anonymous_18)
FN:895,(anonymous_19)
FN:906,(anonymous_20)
FN:914,(anonymous_21)
FNF:22
FNH:20
FNDA:1,(anonymous_0)
FNDA:1,(anonymous_1)
FNDA:1,(anonymous_2)
FNDA:33,(anonymous_3)
FNDA:33,(anonymous_4)
FNDA:33,(anonymous_5)
FNDA:1,(anonymous_6)
FNDA:33,(anonymous_7)
FNDA:33,(anonymous_8)
FNDA:1,(anonymous_9)
FNDA:1,(anonymous_10)
FNDA:1,(anonymous_11)
FNDA:1,(anonymous_12)
FNDA:34,(anonymous_13)
FNDA:0,(anonymous_14)
FNDA:0,(anonymous_15)
FNDA:1,(anonymous_16)
FNDA:1,(anonymous_17)
FNDA:33,(anonymous_18)
FNDA:1,(anonymous_19)
FNDA:33,(anonymous_20)
FNDA:5906,(anonymous_21)
DA:1,2
DA:2,2
DA:3,2
DA:10,1
DA:11,1
DA:26,1
DA:27,1
DA:30,1
DA:33,1
DA:36,1
DA:37,33
DA:41,1
DA:43,1
DA:55,33
DA:56,1
DA:58,1
DA:80,33
DA:96,1
DA:103,33
DA:104,33
DA:105,33
DA:107,33
DA:109,33
DA:164,33
DA:171,33
DA:172,1
DA:173,33
DA:175,1
DA:227,1
DA:234,1
DA:235,1
DA:238,1
DA:239,1
DA:242,1
DA:249,1
DA:551,1
DA:559,1
DA:652,1
DA:659,1
DA:802,1
DA:809,34
DA:811,34
DA:812,34
DA:815,0
DA:823,0
DA:830,0
DA:837,1
DA:865,1
DA:875,33
DA:896,1
DA:897,1
DA:898,1
DA:899,1
DA:900,1
DA:907,33
DA:914,5906
DA:918,2
LF:57
LH:54
BRDA:9,0,0,0
BRDA:12,1,0,1
BRDA:12,1,1,1
BRDA:16,2,0,1
BRDA:16,2,1,0
BRDA:24,3,0,0
BRDA:75,4,0,1
BRDA:75,4,1,0
BRDA:104,5,0,32
BRDA:104,5,1,1
BRDA:105,6,0,32
BRDA:105,6,1,1
BRDA:126,7,0,32
BRDA:126,7,1,1
BRDA:127,8,0,32
BRDA:127,8,1,1
BRDA:140,9,0,33
BRDA:140,9,1,0
BRDA:142,10,0,8
BRDA:142,10,1,25
BRDA:214,11,0,1
BRDA:214,11,1,0
BRDA:854,12,0,1
BRDA:854,12,1,0
BRDA:879,13,0,33
BRDA:879,13,1,0
BRDA:880,14,0,8
BRDA:880,14,1,25
BRDA:896,15,0,0
BRDA:896,15,1,1
BRF:30
BRH:21
end_of_record
TN:
SF:src/ignore/ignore-manager.js
FN:9,(anonymous_0)
FN:18,(anonymous_1)
FN:116,(anonymous_2)
FN:149,(anonymous_3)
FN:166,(anonymous_4)
FN:197,(anonymous_5)
FN:219,(anonymous_6)
FN:235,(anonymous_7)
FN:239,(anonymous_8)
FN:246,(anonymous_9)
FN:249,(anonymous_10)
FN:293,(anonymous_11)
FNF:12
FNH:6
FNDA:1,(anonymous_0)
FNDA:1,(anonymous_1)
FNDA:173,(anonymous_2)
FNDA:602,(anonymous_3)
FNDA:62,(anonymous_4)
FNDA:173,(anonymous_5)
FNDA:0,(anonymous_6)
FNDA:0,(anonymous_7)
FNDA:0,(anonymous_8)
FNDA:0,(anonymous_9)
FNDA:0,(anonymous_10)
FNDA:0,(anonymous_11)
DA:1,2
DA:2,2
DA:3,2
DA:10,1
DA:11,1
DA:12,1
DA:19,1
DA:117,173
DA:118,173
DA:120,173
DA:121,111
DA:124,62
DA:127,62
DA:130,62
DA:131,62
DA:134,62
DA:137,62
DA:138,540
DA:139,540
DA:142,62
DA:143,62
DA:150,602
DA:152,602
DA:153,602
DA:154,62
DA:155,62
DA:156,62
DA:167,62
DA:168,62
DA:170,62
DA:171,3348
DA:174,3348
DA:175,1178
DA:179,2170
DA:180,2170
DA:182,0
DA:183,2170
DA:185,0
DA:188,2170
DA:191,62
DA:198,173
DA:199,173
DA:200,173
DA:203,173
DA:204,0
DA:207,173
DA:208,173
DA:210,173
DA:212,0
DA:220,0
DA:222,0
DA:223,0
DA:224,0
DA:225,0
DA:229,0
DA:236,0
DA:237,0
DA:239,0
DA:247,0
DA:249,0
DA:250,0
DA:251,0
DA:252,0
DA:257,0
DA:260,0
DA:261,0
DA:262,0
DA:263,0
DA:264,0
DA:265,0
DA:266,0
DA:269,0
DA:270,0
DA:271,0
DA:272,0
DA:273,0
DA:274,0
DA:275,0
DA:287,0
DA:294,0
DA:298,2
LF:81
LH:46
BRDA:118,0,0,173
BRDA:118,0,1,9
BRDA:120,1,0,111
BRDA:120,1,1,62
BRDA:130,2,0,61
BRDA:130,2,1,1
BRDA:153,3,0,62
BRDA:153,3,1,540
BRDA:174,4,0,1178
BRDA:174,4,1,2170
BRDA:174,5,0,3348
BRDA:174,5,1,2790
BRDA:180,6,0,0
BRDA:180,6,1,2170
BRDA:180,7,0,2170
BRDA:180,7,1,0
BRDA:183,8,0,0
BRDA:183,8,1,2170
BRDA:203,9,0,0
BRDA:203,9,1,173
BRDA:224,10,0,0
BRDA:224,10,1,0
BRDA:235,11,0,0
BRDA:251,12,0,0
BRDA:251,12,1,0
BRDA:265,13,0,0
BRDA:265,13,1,0
BRDA:274,14,0,0
BRDA:274,14,1,0
BRF:29
BRH:16
end_of_record
TN:
SF:src/scanner/file-scanner.js
FN:10,(anonymous_0)
FN:25,(anonymous_1)
FN:58,(anonymous_2)
FN:95,(anonymous_3)
FN:103,(anonymous_4)
FN:154,(anonymous_5)
FN:195,(anonymous_6)
FN:198,(anonymous_7)
FN:206,(anonymous_8)
FN:215,(anonymous_9)
FN:239,(anonymous_10)
FN:255,(anonymous_11)
FN:292,(anonymous_12)
FN:314,(anonymous_13)
FN:340,(anonymous_14)
FN:360,(anonymous_15)
FN:383,(anonymous_16)
FN:434,(anonymous_17)
FN:445,(anonymous_18)
FN:452,(anonymous_19)
FN:453,(anonymous_20)
FN:454,(anonymous_21)
FN:465,(anonymous_22)
FN:472,(anonymous_23)
FN:476,(anonymous_24)
FN:480,(anonymous_25)
FN:505,(anonymous_26)
FN:509,(anonymous_27)
FN:528,(anonymous_28)
FN:531,(anonymous_29)
FN:538,(anonymous_30)
FN:543,(anonymous_31)
FN:551,(anonymous_32)
FN:568,(anonymous_33)
FN:570,(anonymous_34)
FN:597,(anonymous_35)
FNF:36
FNH:35
FNDA:1,(anonymous_0)
FNDA:217,(anonymous_1)
FNDA:1,(anonymous_2)
FNDA:1,(anonymous_3)
FNDA:316,(anonymous_4)
FNDA:0,(anonymous_5)
FNDA:1,(anonymous_6)
FNDA:316,(anonymous_7)
FNDA:315,(anonymous_8)
FNDA:5116,(anonymous_9)
FNDA:532,(anonymous_10)
FNDA:7095,(anonymous_11)
FNDA:1,(anonymous_12)
FNDA:1,(anonymous_13)
FNDA:173,(anonymous_14)
FNDA:173,(anonymous_15)
FNDA:1,(anonymous_16)
FNDA:1,(anonymous_17)
FNDA:1,(anonymous_18)
FNDA:1,(anonymous_19)
FNDA:173,(anonymous_20)
FNDA:173,(anonymous_21)
FNDA:173,(anonymous_22)
FNDA:1,(anonymous_23)
FNDA:173,(anonymous_24)
FNDA:1729,(anonymous_25)
FNDA:99,(anonymous_26)
FNDA:271,(anonymous_27)
FNDA:1,(anonymous_28)
FNDA:66,(anonymous_29)
FNDA:214,(anonymous_30)
FNDA:281,(anonymous_31)
FNDA:214,(anonymous_32)
FNDA:75,(anonymous_33)
FNDA:41,(anonymous_34)
FNDA:1,(anonymous_35)
DA:1,2
DA:2,2
DA:3,2
DA:4,2
DA:11,1
DA:12,1
DA:19,1
DA:26,217
DA:59,1
DA:61,1
DA:63,1
DA:66,1
DA:69,1
DA:72,1
DA:74,1
DA:76,1
DA:88,0
DA:97,1
DA:104,316
DA:105,316
DA:107,316
DA:115,316
DA:116,102
DA:117,102
DA:118,102
DA:120,102
DA:121,337
DA:122,337
DA:125,337
DA:126,22
DA:129,315
DA:130,315
DA:131,315
DA:132,315
DA:136,0
DA:140,102
DA:141,100
DA:148,316
DA:156,0
DA:184,0
DA:185,0
DA:196,1
DA:198,1
DA:200,316
DA:201,0
DA:205,316
DA:206,315
DA:209,216
DA:212,216
DA:214,216
DA:215,216
DA:216,5116
DA:219,216
DA:220,173
DA:232,1
DA:233,1
DA:240,532
DA:243,532
DA:244,6544
DA:245,0
DA:249,532
DA:257,7095
DA:281,7095
DA:282,12
DA:286,7083
DA:293,1
DA:295,1
DA:297,173
DA:298,0
DA:302,173
DA:303,173
DA:304,173
DA:308,1
DA:315,1
DA:317,1
DA:318,173
DA:319,173
DA:320,173
DA:321,173
DA:330,0
DA:334,1
DA:341,173
DA:343,173
DA:344,0
DA:347,173
DA:348,173
DA:350,0
DA:351,0
DA:353,0
DA:361,173
DA:362,173
DA:365,173
DA:368,173
DA:369,122065
DA:370,0
DA:374,173
DA:376,0
DA:389,1
DA:391,1
DA:394,1
DA:395,1
DA:396,1
DA:400,1
DA:401,1
DA:402,1
DA:406,1
DA:407,173
DA:410,173
DA:417,173
DA:418,173
DA:419,173
DA:422,173
DA:423,172
DA:424,172
DA:428,1
DA:435,1
DA:446,1
DA:453,173
DA:454,173
DA:456,1
DA:465,173
DA:473,1
DA:476,1
DA:477,173
DA:478,173
DA:480,173
DA:481,1729
DA:483,173
DA:486,1556
DA:487,98
DA:489,1556
DA:495,1
DA:496,1
DA:497,1
DA:499,1
DA:506,99
DA:507,99
DA:509,99
DA:510,271
DA:511,271
DA:513,271
DA:515,271
DA:517,98
DA:518,98
DA:522,99
DA:529,1
DA:531,1
DA:532,66
DA:534,66
DA:536,66
DA:538,66
DA:539,214
DA:543,66
DA:544,281
DA:545,281
DA:546,281
DA:547,220
DA:548,215
DA:551,66
DA:552,214
DA:553,214
DA:554,214
DA:555,214
DA:557,214
DA:558,214
DA:560,126
DA:562,214
DA:564,214
DA:565,65
DA:566,149
DA:568,75
DA:569,23
DA:570,18
DA:571,41
DA:572,41
DA:573,41
DA:575,18
DA:576,9
DA:579,5
DA:585,66
DA:588,1
DA:589,1
DA:591,1
DA:598,1
DA:599,1
DA:600,1
DA:601,1
DA:602,1
DA:606,2
LF:189
LH:174
BRDA:10,0,0,0
BRDA:13,1,0,1
BRDA:13,1,1,1
BRDA:14,2,0,1
BRDA:14,2,1,1
BRDA:15,3,0,1
BRDA:15,3,1,1
BRDA:16,4,0,1
BRDA:16,4,1,1
BRDA:103,5,0,1
BRDA:111,6,0,102
BRDA:111,6,1,214
BRDA:112,7,0,214
BRDA:112,7,1,102
BRDA:115,8,0,102
BRDA:115,8,1,214
BRDA:125,9,0,22
BRDA:125,9,1,315
BRDA:131,10,0,315
BRDA:131,10,1,0
BRDA:140,11,0,100
BRDA:140,11,1,2
BRDA:198,12,0,1
BRDA:200,13,0,0
BRDA:200,13,1,316
BRDA:200,14,0,316
BRDA:200,14,1,0
BRDA:205,15,0,100
BRDA:205,15,1,216
BRDA:212,16,0,216
BRDA:212,16,1,0
BRDA:214,17,0,216
BRDA:214,17,1,216
BRDA:219,18,0,173
BRDA:219,18,1,43
BRDA:244,19,0,0
BRDA:244,19,1,6544
BRDA:281,20,0,12
BRDA:281,20,1,7083
BRDA:297,21,0,0
BRDA:297,21,1,173
BRDA:303,22,0,173
BRDA:303,22,1,0
BRDA:320,23,0,173
BRDA:320,23,1,0
BRDA:343,24,0,0
BRDA:343,24,1,173
BRDA:350,25,0,0
BRDA:350,25,1,0
BRDA:369,26,0,0
BRDA:369,26,1,122065
BRDA:383,27,0,1
BRDA:385,28,0,1
BRDA:386,29,0,1
BRDA:387,30,0,1
BRDA:388,31,0,1
BRDA:394,32,0,1
BRDA:394,32,1,0
BRDA:400,33,0,1
BRDA:400,33,1,0
BRDA:413,34,0,173
BRDA:413,34,1,0
BRDA:422,35,0,172
BRDA:422,35,1,1
BRDA:481,36,0,173
BRDA:481,36,1,1556
BRDA:486,37,0,98
BRDA:486,37,1,1458
BRDA:505,38,0,0
BRDA:505,39,0,0
BRDA:511,40,0,99
BRDA:511,40,1,172
BRDA:515,41,0,98
BRDA:515,41,1,173
BRDA:515,42,0,271
BRDA:515,42,1,271
BRDA:517,43,0,50
BRDA:517,43,1,48
BRDA:528,44,0,1
BRDA:529,45,0,0
BRDA:529,45,1,1
BRDA:531,46,0,1
BRDA:531,47,0,1
BRDA:532,48,0,0
BRDA:532,48,1,66
BRDA:536,49,0,66
BRDA:536,49,1,0
BRDA:536,50,0,66
BRDA:536,50,1,66
BRDA:544,51,0,281
BRDA:544,51,1,110
BRDA:545,52,0,281
BRDA:545,52,1,54
BRDA:546,53,0,61
BRDA:546,53,1,220
BRDA:546,54,0,281
BRDA:546,54,1,110
BRDA:547,55,0,5
BRDA:547,55,1,215
BRDA:547,56,0,220
BRDA:547,56,1,171
BRDA:553,57,0,66
BRDA:553,57,1,148
BRDA:554,58,0,66
BRDA:554,58,1,148
BRDA:558,59,0,126
BRDA:558,59,1,88
BRDA:560,60,0,126
BRDA:560,60,1,9
BRDA:564,61,0,65
BRDA:564,61,1,149
BRDA:564,62,0,214
BRDA:564,62,1,88
BRDA:566,63,0,23
BRDA:566,63,1,126
BRDA:566,64,0,149
BRDA:566,64,1,23
BRDA:568,65,0,23
BRDA:568,65,1,0
BRDA:568,66,0,75
BRDA:568,66,1,64
BRDA:569,67,0,18
BRDA:569,67,1,5
BRDA:571,68,0,41
BRDA:571,68,1,18
BRDA:572,69,0,9
BRDA:572,69,1,32
BRDA:573,70,0,41
BRDA:573,70,1,0
BRDA:575,71,0,9
BRDA:575,71,1,9
BRDA:598,72,0,0
BRDA:598,72,1,1
BRF:133
BRH:109
end_of_record
TN:
SF:src/tokenizer/token-manager.js
FN:7,(anonymous_0)
FN:23,(anonymous_1)
FN:41,(anonymous_2)
FN:58,(anonymous_3)
FN:76,(anonymous_4)
FN:77,(anonymous_5)
FN:79,(anonymous_6)
FN:80,(anonymous_7)
FN:81,(anonymous_8)
FN:99,(anonymous_9)
FN:120,(anonymous_10)
FN:153,(anonymous_11)
FN:176,(anonymous_12)
FN:186,(anonymous_13)
FN:233,(anonymous_14)
FN:243,(anonymous_15)
FN:295,(anonymous_16)
FN:305,(anonymous_17)
FN:347,(anonymous_18)
FN:371,(anonymous_19)
FN:382,(anonymous_20)
FNF:21
FNH:18
FNDA:1,(anonymous_0)
FNDA:1,(anonymous_1)
FNDA:1887,(anonymous_2)
FNDA:173,(anonymous_3)
FNDA:1,(anonymous_4)
FNDA:173,(anonymous_5)
FNDA:173,(anonymous_6)
FNDA:173,(anonymous_7)
FNDA:173,(anonymous_8)
FNDA:1,(anonymous_9)
FNDA:1,(anonymous_10)
FNDA:8,(anonymous_11)
FNDA:33,(anonymous_12)
FNDA:0,(anonymous_13)
FNDA:0,(anonymous_14)
FNDA:4,(anonymous_15)
FNDA:8,(anonymous_16)
FNDA:1,(anonymous_17)
FNDA:0,(anonymous_18)
FNDA:173,(anonymous_19)
FNDA:1,(anonymous_20)
DA:1,2
DA:8,1
DA:16,1
DA:17,1
DA:24,1
DA:26,1
DA:28,1
DA:30,1
DA:33,0
DA:42,1887
DA:43,0
DA:46,1887
DA:47,1887
DA:48,1887
DA:51,0
DA:59,173
DA:60,173
DA:61,173
DA:63,173
DA:77,173
DA:79,173
DA:80,173
DA:81,173
DA:83,1
DA:100,1
DA:102,1
DA:103,0
DA:112,1
DA:121,1
DA:122,1
DA:123,1
DA:124,1
DA:125,1
DA:128,1
DA:130,1
DA:131,173
DA:132,173
DA:133,173
DA:136,173
DA:138,24
DA:146,24
DA:147,24
DA:151,173
DA:152,4
DA:153,8
DA:159,169
DA:160,169
DA:165,1
DA:166,1
DA:176,1
DA:177,33
DA:180,1
DA:187,0
DA:188,0
DA:189,0
DA:190,0
DA:191,0
DA:193,0
DA:194,0
DA:196,0
DA:198,0
DA:207,0
DA:208,0
DA:209,0
DA:210,0
DA:212,0
DA:213,0
DA:217,0
DA:218,0
DA:222,0
DA:223,0
DA:233,0
DA:234,0
DA:237,0
DA:244,4
DA:245,4
DA:246,4
DA:247,4
DA:248,4
DA:251,4
DA:253,4
DA:254,1359
DA:256,1359
DA:257,4
DA:258,4
DA:270,4
DA:271,4
DA:274,1359
DA:275,1359
DA:279,4
DA:280,4
DA:281,4
DA:295,4
DA:296,8
DA:299,4
DA:306,1
DA:307,1
DA:308,1
DA:310,1
DA:311,10376
DA:314,10376
DA:315,349
DA:317,173
DA:318,172
DA:326,173
DA:327,173
DA:333,1
DA:334,1
DA:341,1
DA:348,0
DA:349,0
DA:350,0
DA:353,0
DA:354,0
DA:355,0
DA:357,0
DA:358,0
DA:361,0
DA:362,0
DA:365,0
DA:372,173
DA:383,1
DA:384,1
DA:389,2
LF:124
LH:87
BRDA:7,0,0,0
BRDA:9,1,0,1
BRDA:9,1,1,1
BRDA:10,2,0,1
BRDA:10,2,1,0
BRDA:11,3,0,1
BRDA:11,3,1,1
BRDA:42,4,0,0
BRDA:42,4,1,1887
BRDA:42,5,0,1887
BRDA:42,5,1,1887
BRDA:99,6,0,0
BRDA:102,7,0,0
BRDA:102,7,1,1
BRDA:112,8,0,1
BRDA:112,8,1,0
BRDA:120,9,0,0
BRDA:136,10,0,24
BRDA:136,10,1,149
BRDA:136,11,0,173
BRDA:136,11,1,25
BRDA:151,12,0,4
BRDA:151,12,1,169
BRDA:165,13,0,1
BRDA:165,13,1,0
BRDA:186,14,0,0
BRDA:196,15,0,0
BRDA:196,15,1,0
BRDA:196,16,0,0
BRDA:196,16,1,0
BRDA:207,17,0,0
BRDA:207,17,1,0
BRDA:222,18,0,0
BRDA:222,18,1,0
BRDA:256,19,0,4
BRDA:256,19,1,1355
BRDA:256,20,0,1359
BRDA:256,20,1,4
BRDA:279,21,0,4
BRDA:279,21,1,0
BRDA:314,22,0,349
BRDA:314,22,1,10027
BRDA:315,23,0,173
BRDA:315,23,1,176
BRDA:315,24,0,349
BRDA:315,24,1,349
BRDA:317,25,0,172
BRDA:317,25,1,1
BRDA:333,26,0,1
BRDA:333,26,1,0
BRDA:357,27,0,0
BRDA:357,27,1,0
BRDA:383,28,0,1
BRDA:383,28,1,0
BRF:54
BRH:32
end_of_record
TN:
SF:src/utils/helpers.js
FN:8,formatBytes
FN:19,formatNumber
FN:26,getFileExtension
FN:33,isHidden
FN:34,(anonymous_4)
FN:40,sanitizeFilename
FN:47,deepMerge
FN:50,(anonymous_7)
FN:67,isObject
FN:74,debounce
FN:76,executedFunction
FN:77,(anonymous_11)
FN:91,throttle
FN:93,(anonymous_13)
FN:97,(anonymous_14)
FN:105,generateId
FN:112,sleep
FN:113,(anonymous_17)
FNF:18
FNH:0
FNDA:0,formatBytes
FNDA:0,formatNumber
FNDA:0,getFileExtension
FNDA:0,isHidden
FNDA:0,(anonymous_4)
FNDA:0,sanitizeFilename
FNDA:0,deepMerge
FNDA:0,(anonymous_7)
FNDA:0,isObject
FNDA:0,debounce
FNDA:0,executedFunction
FNDA:0,(anonymous_11)
FNDA:0,throttle
FNDA:0,(anonymous_13)
FNDA:0,(anonymous_14)
FNDA:0,generateId
FNDA:0,sleep
FNDA:0,(anonymous_17)
DA:9,0
DA:10,0
DA:11,0
DA:12,0
DA:13,0
DA:20,0
DA:27,0
DA:34,0
DA:41,0
DA:48,0
DA:49,0
DA:50,0
DA:51,0
DA:52,0
DA:53,0
DA:55,0
DA:57,0
DA:61,0
DA:68,0
DA:76,0
DA:77,0
DA:78,0
DA:79,0
DA:81,0
DA:82,0
DA:83,0
DA:84,0
DA:93,0
DA:94,0
DA:95,0
DA:96,0
DA:97,0
DA:106,0
DA:113,0
DA:116,0
LF:35
LH:0
BRDA:9,0,0,0
BRDA:9,0,1,0
BRDA:49,1,0,0
BRDA:49,1,1,0
BRDA:49,2,0,0
BRDA:49,2,1,0
BRDA:51,3,0,0
BRDA:51,3,1,0
BRDA:52,4,0,0
BRDA:52,4,1,0
BRDA:68,5,0,0
BRDA:68,5,1,0
BRDA:68,5,2,0
BRDA:79,6,0,0
BRDA:79,6,1,0
BRDA:81,7,0,0
BRDA:81,7,1,0
BRDA:84,8,0,0
BRDA:84,8,1,0
BRDA:94,9,0,0
BRDA:94,9,1,0
BRF:21
BRH:0
end_of_record
